2025-09-19 15:39:00,869 - INFO - Starting crawl for category 'cs.AI' from 2024-01-28 to 2024-01-31.
2025-09-19 15:39:01,347 - INFO - Querying month 20240128-20240131. Total results: 241
2025-09-19 16:15:55,110 - INFO - Starting crawl for category 'cs.AI' from 2025-09-19 to 2025-09-19.
2025-09-19 16:15:55,880 - INFO - Querying month 20250919-20250930. Total results: 0
2025-09-19 16:17:33,045 - INFO - Starting crawl for category 'cs.AI' from 2025-09-18 to 2025-09-18.
2025-09-19 16:17:33,501 - INFO - Querying month 20250918-20250930. Total results: 89
2025-09-19 16:18:30,826 - INFO - Starting crawl for category 'cs.AI' from 2025-09-17 to 2025-09-17.
2025-09-19 16:18:31,629 - INFO - Querying month 20250917-20250930. Total results: 174
2025-09-27 08:27:06,936 - INFO - Starting crawl for category 'cs.AI' from 2023-01-01 to 2025-09-27.
2025-09-27 08:27:10,713 - INFO - Starting crawl for category 'cs.AI' from 2023-01-01 to 2025-09-27.
2025-09-27 08:28:22,812 - INFO - Starting crawl for category 'cs.AI' from 2023-01-01 to 2025-09-27.
2025-09-27 09:32:48,327 - INFO - Starting crawl for category 'cs.AI' from 2025-09-25 to 2025-09-27.
2025-09-27 09:33:02,612 - INFO - Starting crawl for category 'cs.AI' from 2025-09-25 to 2025-09-27.
2025-09-27 09:34:32,055 - INFO - Starting crawl for category 'cs.AI' from 2025-09-25 to 2025-09-27.
2025-09-27 09:34:53,482 - INFO - Starting crawl for category 'cs.AI' from 2025-09-25 to 2025-09-27.
2025-09-27 09:35:09,744 - INFO - Starting crawl for category 'cs.AI' from 2025-09-25 to 2025-09-27.
2025-09-27 09:35:36,913 - INFO - Starting crawl for category 'cs.AI' from 2025-09-25 to 2025-09-27.
2025-09-27 09:35:43,860 - INFO - Starting crawl for category 'cs.AI' from 2025-09-25 to 2025-09-27.
2025-09-27 09:36:08,564 - INFO - Starting crawl for category 'cs.AI' from 2025-09-25 to 2025-09-27.
2025-09-27 09:36:09,109 - INFO - Querying month 20250925-20250930. Total results: 136
2025-09-30 11:29:43,064 - INFO - Starting crawl for category 'cs.AI' from 2025-09-28 to 2025-09-30.
2025-09-30 11:29:43,722 - INFO - Querying month 20250928-20250930. Total results: 342
2025-10-01 21:30:08,811 - INFO - Starting crawl for category 'cs.AI' from 2025-09-29 to 2025-10-01.
2025-10-01 21:30:09,384 - INFO - Querying month 20250929-20250930. Total results: 293
2025-10-01 21:30:14,566 - INFO - Querying month 20251001-20251031. Total results: 0
2025-10-02 11:27:39,360 - INFO - Starting crawl for category 'cs.AI' from 2025-09-30 to 2025-10-02.
2025-10-02 11:27:39,823 - INFO - Querying month 20250930-20250930. Total results: 0
2025-10-02 11:27:43,572 - INFO - Querying month 20251001-20251031. Total results: 0
2025-10-02 19:45:34,948 - INFO - Starting crawl for category 'cs.AI' from 2023-01-01 to 2025-10-02.
2025-10-02 19:45:35,700 - INFO - Querying month 20250929-20250930. Total results: 293
2025-10-02 19:45:40,430 - INFO - Querying month 20251001-20251031. Total results: 0
2025-10-02 20:45:42,289 - INFO - Starting crawl for category 'cs.AI' from 2025-10-02 to 2025-10-02.
2025-10-02 20:45:43,068 - INFO - Querying month 20251002-20251031. Total results: 0
2025-10-02 20:48:17,254 - INFO - Starting crawl for category 'cs.AI' from 2025-10-01 to 2025-10-02.
2025-10-02 20:48:17,703 - INFO - Querying month 20251001-20251031. Total results: 0
2025-10-02 20:52:16,344 - INFO - Starting crawl for category 'cs.AI' from 2025-10-02 to 2025-10-02.
2025-10-02 20:52:50,126 - INFO - Starting crawl for category 'cs.AI' from 2025-10-02 to 2025-10-02.
2025-10-02 20:52:50,392 - INFO - Querying month 2025-10-02-2025-10-02. Total results: 0
2025-10-02 21:03:04,755 - INFO - Starting crawl for category 'cs.AI' from 2025-10-02 to 2025-10-02.
2025-10-02 21:03:47,105 - INFO - Starting crawl for category 'cs.AI' from 2025-10-02 to 2025-10-02.
2025-10-02 21:03:47,327 - INFO - Querying month 2025-10-02-2025-10-02. Total results: 0
2025-10-02 21:04:28,452 - INFO - Starting crawl for category 'cs.AI' from 2023-01-01 to 2025-10-02.
2025-10-02 21:04:28,872 - INFO - Querying month 2025-09-29-2025-10-02. Total results: 0
2025-10-02 21:04:46,180 - INFO - Starting crawl for category 'cs.AI' from 2025-10-02 to 2025-10-02.
2025-10-02 21:04:46,382 - INFO - Querying month 2025-10-02-2025-10-02. Total results: 0
2025-10-02 21:05:15,532 - INFO - Starting crawl for category 'cs.AI' from 2025-10-02 to 2025-10-02.
2025-10-02 21:05:15,811 - INFO - Querying month 2025-10-02-2025-10-02. Total results: 0
2025-10-02 21:05:57,482 - INFO - Starting crawl for category 'cs.AI' from 2025-10-01 to 2025-10-02.
2025-10-02 21:05:58,023 - INFO - Querying month 2025-10-01-2025-10-02. Total results: 0
2025-10-02 21:06:08,026 - INFO - Starting crawl for category 'cs.AI' from 2025-09-02 to 2025-10-02.
2025-10-02 21:06:08,410 - INFO - Querying month 2025-09-02-2025-10-02. Total results: 0
2025-10-02 21:06:14,016 - INFO - Starting crawl for category 'cs.AI' from 2025-09-01 to 2025-10-02.
2025-10-02 21:06:14,466 - INFO - Querying month 2025-09-01-2025-10-02. Total results: 0
2025-10-02 21:06:23,284 - INFO - Starting crawl for category 'cs.AI' from 2023-01-01 to 2025-10-02.
2025-10-02 21:06:23,709 - INFO - Querying month 2025-09-29-2025-10-02. Total results: 0
2025-10-02 21:07:30,511 - INFO - Starting crawl for category 'cs.AI' from 2025-10-01 to 2025-10-02.
2025-10-02 21:07:31,145 - INFO - Querying month 2025-10-01-2025-10-02. Total results: 0
2025-10-02 21:09:25,557 - INFO - Starting crawl for category 'cs.AI' from 2025-10-02 to 2025-10-02.
2025-10-02 21:09:26,348 - INFO - Querying month 2025-10-02-2025-10-02. Total results: 0
2025-10-02 21:13:18,585 - INFO - Starting crawl for category 'cs.AI' from 2025-10-02 to 2025-10-02.
2025-10-02 21:13:19,198 - INFO - Querying month 2025-10-02-2025-10-02. Total results: 0
2025-10-02 21:13:39,658 - INFO - Starting crawl for category 'cs.AI' from 2025-10-01 to 2025-10-02.
2025-10-02 21:13:40,452 - INFO - Querying month 2025-10-01-2025-10-02. Total results: 0
2025-10-02 21:14:52,899 - INFO - Starting crawl for category 'cs.AI' from 2025-09-25 to 2025-10-02.
2025-10-02 21:14:53,510 - INFO - Querying month 2025-09-25-2025-10-02. Total results: 1192
2025-10-02 21:15:07,177 - INFO - Starting crawl for category 'cs.AI' from 2025-09-25 to 2025-10-02.
2025-10-02 21:15:07,436 - INFO - Querying month 2025-09-25-2025-10-02. Total results: 1192
2025-10-02 21:15:09,838 - INFO - AFC is enabled with max remote calls: 10.
2025-10-02 21:15:13,888 - INFO - AFC remote call 1 is done.
2025-10-02 21:15:16,476 - INFO - AFC is enabled with max remote calls: 10.
2025-10-02 21:15:29,948 - INFO - AFC remote call 1 is done.
2025-10-02 21:15:38,371 - INFO - AFC is enabled with max remote calls: 10.
2025-10-02 21:15:44,264 - INFO - AFC remote call 1 is done.
2025-10-02 21:15:47,289 - INFO - AFC is enabled with max remote calls: 10.
2025-10-02 21:15:51,779 - INFO - AFC remote call 1 is done.
2025-10-02 21:15:53,411 - INFO - AFC is enabled with max remote calls: 10.
2025-10-02 21:15:59,703 - INFO - AFC remote call 1 is done.
2025-10-02 21:16:03,868 - INFO - AFC is enabled with max remote calls: 10.
2025-10-02 21:16:10,139 - INFO - AFC remote call 1 is done.
2025-10-02 21:16:13,140 - INFO - AFC is enabled with max remote calls: 10.
2025-10-02 21:16:20,350 - INFO - AFC remote call 1 is done.
2025-10-02 21:16:22,808 - INFO - AFC is enabled with max remote calls: 10.
2025-10-02 21:16:29,359 - INFO - AFC remote call 1 is done.
2025-10-02 21:16:31,388 - INFO - AFC is enabled with max remote calls: 10.
2025-10-02 21:16:40,725 - INFO - AFC remote call 1 is done.
2025-10-02 21:16:41,991 - INFO - AFC is enabled with max remote calls: 10.
2025-10-02 21:16:44,514 - INFO - AFC remote call 1 is done.
2025-10-02 21:16:45,180 - INFO - AFC is enabled with max remote calls: 10.
2025-10-02 21:16:48,404 - INFO - AFC remote call 1 is done.
2025-10-02 21:16:55,256 - INFO - AFC is enabled with max remote calls: 10.
2025-10-02 21:16:59,004 - INFO - AFC remote call 1 is done.
2025-10-02 21:17:00,254 - INFO - AFC is enabled with max remote calls: 10.
2025-10-02 21:17:06,734 - INFO - AFC remote call 1 is done.
2025-10-02 21:17:08,281 - INFO - AFC is enabled with max remote calls: 10.
2025-10-02 21:17:12,526 - INFO - AFC remote call 1 is done.
2025-10-02 21:17:13,165 - INFO - AFC is enabled with max remote calls: 10.
2025-10-02 21:17:15,234 - INFO - AFC remote call 1 is done.
2025-10-02 21:17:17,917 - INFO - AFC is enabled with max remote calls: 10.
2025-10-02 21:17:25,475 - INFO - AFC remote call 1 is done.
2025-10-02 21:19:29,684 - INFO - Starting crawl for category 'cs.AI' from 2025-10-01 to 2025-10-02.
2025-10-02 21:19:30,713 - INFO - Querying month 2025-10-01-2025-10-02. Total results: 0
2025-10-02 21:20:45,984 - INFO - Starting crawl for category 'cs.AI' from 2025-09-30 to 2025-10-01.
2025-10-02 21:20:47,000 - INFO - Querying month 2025-09-30-2025-10-01. Total results: 0
2025-10-02 21:23:52,458 - INFO - Starting crawl for category 'cs.AI' from 2025-09-29 to 2025-09-30.
2025-10-02 21:23:53,102 - INFO - Querying month 2025-09-29-2025-09-30. Total results: 231
2025-10-02 21:23:55,711 - INFO - AFC is enabled with max remote calls: 10.
2025-10-02 21:23:59,410 - INFO - AFC remote call 1 is done.
2025-10-02 21:24:02,491 - INFO - AFC is enabled with max remote calls: 10.
2025-10-02 21:24:10,469 - INFO - AFC remote call 1 is done.
2025-10-02 21:24:18,893 - INFO - AFC is enabled with max remote calls: 10.
2025-10-02 21:24:27,469 - INFO - AFC remote call 1 is done.
2025-10-02 21:24:30,036 - INFO - AFC is enabled with max remote calls: 10.
2025-10-02 21:24:32,794 - INFO - AFC remote call 1 is done.
2025-10-02 21:24:34,165 - INFO - AFC is enabled with max remote calls: 10.
2025-10-02 21:24:41,870 - INFO - AFC remote call 1 is done.
2025-10-02 21:24:45,797 - INFO - AFC is enabled with max remote calls: 10.
2025-10-02 21:24:53,580 - INFO - AFC remote call 1 is done.
2025-10-02 21:24:55,635 - INFO - AFC is enabled with max remote calls: 10.
2025-10-02 21:25:02,401 - INFO - AFC remote call 1 is done.
2025-10-02 21:25:04,841 - INFO - AFC is enabled with max remote calls: 10.
2025-10-02 21:25:11,299 - INFO - AFC remote call 1 is done.
2025-10-02 21:25:13,206 - INFO - AFC is enabled with max remote calls: 10.
2025-10-02 21:25:22,419 - INFO - AFC remote call 1 is done.
2025-10-02 21:25:23,568 - INFO - AFC is enabled with max remote calls: 10.
2025-10-02 21:25:26,368 - INFO - AFC remote call 1 is done.
2025-10-02 21:25:27,044 - INFO - AFC is enabled with max remote calls: 10.
2025-10-02 21:25:29,801 - INFO - AFC remote call 1 is done.
2025-10-02 21:25:36,994 - INFO - AFC is enabled with max remote calls: 10.
2025-10-02 21:25:41,069 - INFO - AFC remote call 1 is done.
2025-10-02 21:25:42,244 - INFO - AFC is enabled with max remote calls: 10.
2025-10-02 21:25:48,571 - INFO - AFC remote call 1 is done.
2025-10-02 21:25:50,005 - INFO - AFC is enabled with max remote calls: 10.
2025-10-02 21:25:54,676 - INFO - AFC remote call 1 is done.
2025-10-02 21:25:55,568 - INFO - AFC is enabled with max remote calls: 10.
2025-10-02 21:25:58,966 - INFO - AFC remote call 1 is done.
2025-10-02 21:26:02,709 - INFO - AFC is enabled with max remote calls: 10.
2025-10-02 21:26:07,411 - INFO - AFC remote call 1 is done.
2025-10-02 21:26:09,147 - INFO - AFC is enabled with max remote calls: 10.
2025-10-02 21:26:20,508 - INFO - AFC remote call 1 is done.
2025-10-02 21:26:24,076 - INFO - AFC is enabled with max remote calls: 10.
2025-10-02 21:26:29,575 - INFO - AFC remote call 1 is done.
2025-10-02 21:26:30,910 - INFO - AFC is enabled with max remote calls: 10.
2025-10-02 21:26:35,366 - INFO - AFC remote call 1 is done.
2025-10-02 21:26:37,222 - INFO - AFC is enabled with max remote calls: 10.
2025-10-02 21:26:45,511 - INFO - AFC remote call 1 is done.
2025-10-02 21:26:47,385 - INFO - AFC is enabled with max remote calls: 10.
2025-10-02 21:26:52,466 - INFO - AFC remote call 1 is done.
2025-10-02 21:26:55,257 - INFO - AFC is enabled with max remote calls: 10.
2025-10-02 21:26:59,224 - INFO - AFC remote call 1 is done.
2025-10-02 21:27:01,770 - INFO - AFC is enabled with max remote calls: 10.
2025-10-02 21:27:04,042 - INFO - AFC remote call 1 is done.
2025-10-02 21:27:04,705 - INFO - AFC is enabled with max remote calls: 10.
2025-10-02 21:27:08,751 - INFO - AFC remote call 1 is done.
2025-10-02 21:27:12,044 - INFO - AFC is enabled with max remote calls: 10.
2025-10-02 21:27:17,121 - INFO - AFC remote call 1 is done.
2025-10-02 21:27:19,655 - INFO - AFC is enabled with max remote calls: 10.
2025-10-02 21:27:24,007 - INFO - AFC remote call 1 is done.
2025-10-02 21:27:28,378 - INFO - AFC is enabled with max remote calls: 10.
2025-10-02 21:27:37,665 - INFO - AFC remote call 1 is done.
2025-10-02 21:27:38,354 - INFO - AFC is enabled with max remote calls: 10.
2025-10-02 21:27:44,178 - INFO - AFC remote call 1 is done.
2025-10-02 21:27:45,586 - INFO - AFC is enabled with max remote calls: 10.
2025-10-02 21:27:58,151 - INFO - AFC remote call 1 is done.
2025-10-02 21:27:59,913 - INFO - AFC is enabled with max remote calls: 10.
2025-10-02 21:28:03,534 - INFO - AFC remote call 1 is done.
2025-10-02 21:28:07,083 - INFO - AFC is enabled with max remote calls: 10.
2025-10-02 21:28:11,930 - INFO - AFC remote call 1 is done.
2025-10-02 21:28:12,433 - INFO - AFC is enabled with max remote calls: 10.
2025-10-02 21:28:14,797 - INFO - AFC remote call 1 is done.
2025-10-02 21:28:22,360 - INFO - AFC is enabled with max remote calls: 10.
2025-10-02 21:28:28,300 - INFO - AFC remote call 1 is done.
2025-10-02 21:28:32,569 - INFO - AFC is enabled with max remote calls: 10.
2025-10-02 21:28:38,410 - INFO - AFC remote call 1 is done.
2025-10-02 21:28:43,954 - INFO - AFC is enabled with max remote calls: 10.
2025-10-02 21:28:47,160 - INFO - AFC remote call 1 is done.
2025-10-02 21:28:49,111 - INFO - AFC is enabled with max remote calls: 10.
2025-10-02 21:28:56,063 - INFO - AFC remote call 1 is done.
2025-10-02 21:28:57,305 - INFO - AFC is enabled with max remote calls: 10.
2025-10-02 21:29:00,907 - INFO - AFC remote call 1 is done.
2025-10-02 21:29:02,653 - INFO - AFC is enabled with max remote calls: 10.
2025-10-02 21:29:06,203 - INFO - AFC remote call 1 is done.
2025-10-02 21:29:06,841 - INFO - AFC is enabled with max remote calls: 10.
2025-10-02 21:29:11,119 - INFO - AFC remote call 1 is done.
2025-10-02 21:29:12,683 - INFO - AFC is enabled with max remote calls: 10.
2025-10-02 21:29:15,486 - INFO - AFC remote call 1 is done.
2025-10-02 21:29:18,371 - INFO - AFC is enabled with max remote calls: 10.
2025-10-02 21:29:23,066 - INFO - AFC remote call 1 is done.
2025-10-02 21:29:24,892 - INFO - AFC is enabled with max remote calls: 10.
2025-10-02 21:29:29,754 - INFO - AFC remote call 1 is done.
2025-10-02 21:29:30,949 - INFO - AFC is enabled with max remote calls: 10.
2025-10-02 21:29:35,180 - INFO - AFC remote call 1 is done.
2025-10-02 21:29:38,123 - INFO - AFC is enabled with max remote calls: 10.
2025-10-02 21:29:42,735 - INFO - AFC remote call 1 is done.
2025-10-02 21:29:46,124 - INFO - AFC is enabled with max remote calls: 10.
2025-10-02 21:29:50,339 - INFO - AFC remote call 1 is done.
2025-10-02 21:29:51,633 - INFO - AFC is enabled with max remote calls: 10.
2025-10-02 21:30:00,578 - INFO - AFC remote call 1 is done.
2025-10-02 21:30:01,730 - INFO - AFC is enabled with max remote calls: 10.
2025-10-02 21:30:05,388 - INFO - AFC remote call 1 is done.
2025-10-02 21:30:07,762 - INFO - AFC is enabled with max remote calls: 10.
2025-10-02 21:30:10,651 - INFO - AFC remote call 1 is done.
2025-10-02 21:30:11,385 - INFO - AFC is enabled with max remote calls: 10.
2025-10-02 21:30:16,041 - INFO - AFC remote call 1 is done.
2025-10-02 21:30:17,974 - INFO - AFC is enabled with max remote calls: 10.
2025-10-02 21:30:21,570 - INFO - AFC remote call 1 is done.
2025-10-02 21:30:25,002 - INFO - AFC is enabled with max remote calls: 10.
2025-10-02 21:30:30,374 - INFO - AFC remote call 1 is done.
2025-10-02 21:30:32,575 - INFO - AFC is enabled with max remote calls: 10.
2025-10-02 21:30:38,364 - INFO - AFC remote call 1 is done.
2025-10-02 21:30:39,193 - INFO - AFC is enabled with max remote calls: 10.
2025-10-02 21:30:41,742 - INFO - AFC remote call 1 is done.
2025-10-02 21:30:44,012 - INFO - AFC is enabled with max remote calls: 10.
2025-10-02 21:30:46,962 - INFO - AFC remote call 1 is done.
2025-10-02 21:30:47,994 - INFO - AFC is enabled with max remote calls: 10.
2025-10-02 21:30:50,445 - INFO - AFC remote call 1 is done.
2025-10-02 21:30:56,182 - INFO - AFC is enabled with max remote calls: 10.
2025-10-02 21:30:58,948 - INFO - AFC remote call 1 is done.
2025-10-02 21:31:04,618 - INFO - AFC is enabled with max remote calls: 10.
2025-10-02 21:31:08,983 - INFO - AFC remote call 1 is done.
2025-10-02 21:31:10,092 - INFO - AFC is enabled with max remote calls: 10.
2025-10-02 21:31:16,973 - INFO - AFC remote call 1 is done.
2025-10-02 21:31:25,578 - INFO - AFC is enabled with max remote calls: 10.
2025-10-02 21:31:30,598 - INFO - AFC remote call 1 is done.
2025-10-02 21:31:44,211 - INFO - AFC is enabled with max remote calls: 10.
2025-10-02 21:31:47,824 - INFO - AFC remote call 1 is done.
2025-10-02 21:32:08,686 - INFO - AFC is enabled with max remote calls: 10.
2025-10-02 21:32:12,210 - INFO - AFC remote call 1 is done.
2025-10-02 21:32:13,881 - INFO - AFC is enabled with max remote calls: 10.
2025-10-02 21:32:17,876 - INFO - AFC remote call 1 is done.
2025-10-02 21:32:20,970 - INFO - AFC is enabled with max remote calls: 10.
2025-10-02 21:32:27,524 - INFO - AFC remote call 1 is done.
2025-10-02 21:32:28,932 - INFO - AFC is enabled with max remote calls: 10.
2025-10-02 21:32:35,729 - INFO - AFC remote call 1 is done.
2025-10-02 21:32:37,426 - INFO - AFC is enabled with max remote calls: 10.
2025-10-02 21:32:41,255 - INFO - AFC remote call 1 is done.
2025-10-02 21:32:42,073 - INFO - AFC is enabled with max remote calls: 10.
2025-10-02 21:32:44,828 - INFO - AFC remote call 1 is done.
2025-10-02 21:32:48,277 - INFO - AFC is enabled with max remote calls: 10.
2025-10-02 21:32:53,088 - INFO - AFC remote call 1 is done.
2025-10-02 21:32:54,374 - INFO - AFC is enabled with max remote calls: 10.
2025-10-02 21:33:07,493 - INFO - AFC remote call 1 is done.
2025-10-02 21:33:08,840 - INFO - AFC is enabled with max remote calls: 10.
2025-10-02 21:33:13,534 - INFO - AFC remote call 1 is done.
2025-10-02 21:33:28,967 - INFO - AFC is enabled with max remote calls: 10.
2025-10-02 21:33:39,570 - INFO - AFC remote call 1 is done.
2025-10-02 21:33:42,648 - INFO - AFC is enabled with max remote calls: 10.
2025-10-02 21:33:46,616 - INFO - AFC remote call 1 is done.
2025-10-02 21:33:47,157 - INFO - AFC is enabled with max remote calls: 10.
2025-10-02 21:33:50,970 - INFO - AFC remote call 1 is done.
2025-10-02 21:33:51,439 - INFO - pre_analyze2: https://arxiv.org/pdf/2509.25905, Failed to extract URLs or PDF file: 'PDFObjRef' object is not iterable
2025-10-02 21:33:53,574 - INFO - AFC is enabled with max remote calls: 10.
2025-10-02 21:33:57,598 - INFO - AFC remote call 1 is done.
2025-10-02 21:34:03,256 - INFO - AFC is enabled with max remote calls: 10.
2025-10-02 21:34:07,834 - INFO - AFC remote call 1 is done.
2025-10-02 21:34:12,858 - INFO - AFC is enabled with max remote calls: 10.
2025-10-02 21:34:18,132 - INFO - AFC remote call 1 is done.
2025-10-02 21:34:19,462 - INFO - AFC is enabled with max remote calls: 10.
2025-10-02 21:34:23,892 - INFO - AFC remote call 1 is done.
2025-10-02 21:34:26,426 - INFO - AFC is enabled with max remote calls: 10.
2025-10-02 21:34:28,981 - INFO - AFC remote call 1 is done.
2025-10-02 21:34:36,351 - INFO - AFC is enabled with max remote calls: 10.
2025-10-02 21:34:40,420 - INFO - AFC remote call 1 is done.
2025-10-02 21:34:47,155 - INFO - AFC is enabled with max remote calls: 10.
2025-10-02 21:34:52,498 - INFO - AFC remote call 1 is done.
2025-10-02 21:34:57,792 - INFO - AFC is enabled with max remote calls: 10.
2025-10-02 21:35:03,725 - INFO - AFC remote call 1 is done.
2025-10-02 21:35:05,682 - INFO - AFC is enabled with max remote calls: 10.
2025-10-02 21:35:11,922 - INFO - AFC remote call 1 is done.
2025-10-02 21:35:12,947 - INFO - AFC is enabled with max remote calls: 10.
2025-10-02 21:35:18,266 - INFO - AFC remote call 1 is done.
2025-10-02 21:35:18,674 - INFO - AFC is enabled with max remote calls: 10.
2025-10-02 21:35:26,865 - INFO - AFC remote call 1 is done.
2025-10-02 21:35:28,387 - INFO - AFC is enabled with max remote calls: 10.
2025-10-02 21:35:43,048 - INFO - AFC remote call 1 is done.
2025-10-02 21:35:46,710 - INFO - AFC is enabled with max remote calls: 10.
2025-10-02 21:35:52,460 - INFO - AFC remote call 1 is done.
2025-10-02 21:35:58,157 - INFO - AFC is enabled with max remote calls: 10.
2025-10-02 21:36:02,407 - INFO - AFC remote call 1 is done.
2025-10-02 21:36:06,241 - INFO - AFC is enabled with max remote calls: 10.
2025-10-02 21:36:15,919 - INFO - AFC remote call 1 is done.
2025-10-02 21:36:22,102 - INFO - AFC is enabled with max remote calls: 10.
2025-10-02 21:36:27,185 - INFO - AFC remote call 1 is done.
2025-10-02 21:36:31,652 - INFO - AFC is enabled with max remote calls: 10.
2025-10-02 21:36:35,169 - INFO - AFC remote call 1 is done.
2025-10-02 21:36:47,310 - INFO - AFC is enabled with max remote calls: 10.
2025-10-02 21:36:50,322 - INFO - AFC remote call 1 is done.
2025-10-02 21:36:52,248 - INFO - AFC is enabled with max remote calls: 10.
2025-10-02 21:36:58,110 - INFO - AFC remote call 1 is done.
2025-10-02 21:36:59,659 - INFO - AFC is enabled with max remote calls: 10.
2025-10-02 21:37:08,759 - INFO - AFC remote call 1 is done.
2025-10-02 21:37:09,838 - INFO - AFC is enabled with max remote calls: 10.
2025-10-02 21:37:14,290 - INFO - AFC remote call 1 is done.
2025-10-02 21:37:19,652 - INFO - AFC is enabled with max remote calls: 10.
2025-10-02 21:37:23,093 - INFO - AFC remote call 1 is done.
2025-10-02 21:37:24,380 - INFO - AFC is enabled with max remote calls: 10.
2025-10-02 21:37:28,817 - INFO - AFC remote call 1 is done.
2025-10-02 21:37:33,007 - INFO - AFC is enabled with max remote calls: 10.
2025-10-02 21:37:36,820 - INFO - AFC remote call 1 is done.
2025-10-02 21:37:38,529 - INFO - AFC is enabled with max remote calls: 10.
2025-10-02 21:37:41,144 - INFO - AFC remote call 1 is done.
2025-10-02 21:37:42,020 - INFO - AFC is enabled with max remote calls: 10.
2025-10-02 21:37:46,034 - INFO - AFC remote call 1 is done.
2025-10-02 21:37:48,328 - INFO - AFC is enabled with max remote calls: 10.
2025-10-02 21:37:53,714 - INFO - AFC remote call 1 is done.
2025-10-02 21:37:58,869 - INFO - AFC is enabled with max remote calls: 10.
2025-10-02 21:38:03,441 - INFO - AFC remote call 1 is done.
2025-10-02 21:38:06,563 - INFO - AFC is enabled with max remote calls: 10.
2025-10-02 21:38:12,348 - INFO - AFC remote call 1 is done.
2025-10-02 21:38:13,481 - INFO - AFC is enabled with max remote calls: 10.
2025-10-02 21:38:16,650 - INFO - AFC remote call 1 is done.
2025-10-02 21:38:19,409 - INFO - AFC is enabled with max remote calls: 10.
2025-10-02 21:38:23,614 - INFO - AFC remote call 1 is done.
2025-10-02 21:38:34,142 - INFO - AFC is enabled with max remote calls: 10.
2025-10-02 21:38:37,028 - INFO - AFC remote call 1 is done.
2025-10-02 21:38:37,683 - INFO - AFC is enabled with max remote calls: 10.
2025-10-02 21:38:42,858 - INFO - AFC remote call 1 is done.
2025-10-02 21:38:45,278 - INFO - AFC is enabled with max remote calls: 10.
2025-10-02 21:38:49,214 - INFO - AFC remote call 1 is done.
2025-10-02 21:38:54,308 - INFO - AFC is enabled with max remote calls: 10.
2025-10-02 21:38:59,558 - INFO - AFC remote call 1 is done.
2025-10-02 21:39:02,094 - INFO - AFC is enabled with max remote calls: 10.
2025-10-02 21:39:06,234 - INFO - AFC remote call 1 is done.
2025-10-02 21:39:10,515 - INFO - AFC is enabled with max remote calls: 10.
2025-10-02 21:39:16,861 - INFO - AFC remote call 1 is done.
2025-10-02 21:39:20,246 - INFO - AFC is enabled with max remote calls: 10.
2025-10-02 21:39:22,289 - INFO - AFC remote call 1 is done.
2025-10-02 21:39:23,241 - INFO - AFC is enabled with max remote calls: 10.
2025-10-02 21:39:25,063 - INFO - AFC remote call 1 is done.
2025-10-02 21:39:28,916 - INFO - AFC is enabled with max remote calls: 10.
2025-10-02 21:39:38,480 - INFO - AFC remote call 1 is done.
2025-10-02 21:39:40,161 - INFO - AFC is enabled with max remote calls: 10.
2025-10-02 21:39:45,843 - INFO - AFC remote call 1 is done.
2025-10-02 21:39:47,595 - INFO - AFC is enabled with max remote calls: 10.
2025-10-02 21:39:51,565 - INFO - AFC remote call 1 is done.
2025-10-02 21:39:57,335 - INFO - AFC is enabled with max remote calls: 10.
2025-10-02 21:40:06,118 - INFO - AFC remote call 1 is done.
2025-10-02 21:40:07,217 - INFO - AFC is enabled with max remote calls: 10.
2025-10-02 21:40:12,670 - INFO - AFC remote call 1 is done.
2025-10-02 21:40:19,157 - INFO - AFC is enabled with max remote calls: 10.
2025-10-02 21:40:24,140 - INFO - AFC remote call 1 is done.
2025-10-02 21:40:25,910 - INFO - AFC is enabled with max remote calls: 10.
2025-10-02 21:40:32,849 - INFO - AFC remote call 1 is done.
2025-10-02 21:40:34,439 - INFO - AFC is enabled with max remote calls: 10.
2025-10-02 21:40:37,144 - INFO - AFC remote call 1 is done.
2025-10-02 21:40:43,280 - INFO - AFC is enabled with max remote calls: 10.
2025-10-02 21:40:54,658 - INFO - AFC remote call 1 is done.
2025-10-02 21:40:57,241 - INFO - AFC is enabled with max remote calls: 10.
2025-10-02 21:41:00,083 - INFO - AFC remote call 1 is done.
2025-10-02 21:41:01,538 - INFO - AFC is enabled with max remote calls: 10.
2025-10-02 21:41:05,611 - INFO - AFC remote call 1 is done.
2025-10-02 21:41:06,426 - INFO - AFC is enabled with max remote calls: 10.
2025-10-02 21:41:12,779 - INFO - AFC remote call 1 is done.
2025-10-02 21:41:17,995 - INFO - https://api.github.com/repos/Mohamed-Imed-Eddine/QUARTZError: 404 - Not Found
2025-10-02 21:41:20,059 - INFO - https://api.github.com/repos/NJU-RL/DIVERError: 404 - Not Found
2025-10-02 21:41:20,487 - INFO - https://api.github.com/repos/hltcoe/auto-argueError: 404 - Not Found
2025-10-02 21:41:21,908 - INFO - https://api.github.com/repos/lsliwko/masbError: 404 - Not Found
2025-10-02 21:41:22,537 - INFO - https://api.github.com/repos/the-jb/cureError: 404 - Not Found
2025-10-02 21:41:22,713 - INFO - https://api.github.com/repos/NuRisk/NuRiskError: 404 - Not Found
2025-10-02 21:41:23,662 - INFO - https://api.github.com/repos/XPgogogo/scUnity-AIError: 404 - Not Found
2025-10-02 21:41:24,797 - INFO - https://api.github.com/repos/zzhao71/Controlled-Generation-for-Private-Synthetic-Text.gitError: 404 - Not Found
2025-10-02 21:41:26,088 - INFO - https://api.github.com/repos/FangjiW/BaB-probError: 404 - Not Found
2025-10-02 21:41:27,130 - INFO - https://api.github.com/repos/maishathasin/AInimismError: 404 - Not Found
2025-10-02 21:56:34,365 - INFO - Starting crawl for category 'cs.AI' from 2025-09-29 to 2025-09-30.
2025-10-02 21:56:34,719 - INFO - Querying month 2025-09-29-2025-09-30. Total results: 231
