2025-09-08 00:39:38,165 - INFO - https://api.github.com/repos/alshehrikhadejaa/ASAD.gitError: 404 - Not Found
2025-09-08 00:39:38,302 - INFO - https://api.github.com/repos/aiwaves-cn/WriteBenchError: 404 - Not Found
2025-09-08 00:39:39,784 - INFO - https://api.github.com/repos/WentaoZhang2001/DBLMError: 404 - Not Found
2025-09-08 00:39:39,931 - INFO - https://api.github.com/repos/Hryniewska/Ensemble_XAIError: 404 - Not Found
2025-09-08 00:39:47,835 - INFO - https://api.github.com/repos/CHILab1/HGE.gitError: 404 - Not Found
2025-09-08 00:39:48,513 - INFO - https://api.github.com/repos/HelenMa9998/SelectiveError: 404 - Not Found
2025-09-08 00:39:49,608 - INFO - https://api.github.com/repos/Emory-AIMS/rPDP-FL.gitError: 404 - Not Found
2025-09-08 00:39:55,058 - INFO - https://api.github.com/repos/RafLaf/Few-and-Fewer.gitError: 404 - Not Found
2025-09-08 00:39:57,894 - INFO - https://api.github.com/repos/programminglove08/EquivalenceStructError: 404 - Not Found
2025-09-08 00:46:28,544 - INFO - https://api.github.com/repos/alshehrikhadejaa/ASAD.gitError: 404 - Not Found
2025-09-08 00:46:28,682 - INFO - https://api.github.com/repos/aiwaves-cn/WriteBenchError: 404 - Not Found
2025-09-08 00:46:30,242 - INFO - https://api.github.com/repos/WentaoZhang2001/DBLMError: 404 - Not Found
2025-09-08 00:46:30,388 - INFO - https://api.github.com/repos/Hryniewska/Ensemble_XAIError: 404 - Not Found
2025-09-08 00:46:37,722 - INFO - https://api.github.com/repos/CHILab1/HGE.gitError: 404 - Not Found
2025-09-08 00:46:38,343 - INFO - https://api.github.com/repos/HelenMa9998/SelectiveError: 404 - Not Found
2025-09-08 00:46:39,565 - INFO - https://api.github.com/repos/Emory-AIMS/rPDP-FL.gitError: 404 - Not Found
2025-09-08 00:46:44,605 - INFO - https://api.github.com/repos/RafLaf/Few-and-Fewer.gitError: 404 - Not Found
2025-09-08 00:46:47,611 - INFO - https://api.github.com/repos/programminglove08/EquivalenceStructError: 404 - Not Found
2025-09-11 08:40:31,473 - INFO - https://api.github.com/repos/alshehrikhadejaa/ASAD.gitError: 404 - Not Found
2025-09-11 08:40:31,738 - INFO - https://api.github.com/repos/aiwaves-cn/WriteBenchError: 404 - Not Found
2025-09-11 08:40:33,384 - INFO - https://api.github.com/repos/WentaoZhang2001/DBLMError: 404 - Not Found
2025-09-11 08:40:33,567 - INFO - https://api.github.com/repos/Hryniewska/Ensemble_XAIError: 404 - Not Found
2025-09-11 08:40:42,759 - INFO - https://api.github.com/repos/CHILab1/HGE.gitError: 404 - Not Found
2025-09-11 08:40:43,666 - INFO - https://api.github.com/repos/HelenMa9998/SelectiveError: 404 - Not Found
2025-09-11 08:40:45,071 - INFO - https://api.github.com/repos/Emory-AIMS/rPDP-FL.gitError: 404 - Not Found
2025-09-11 08:40:50,721 - INFO - https://api.github.com/repos/RafLaf/Few-and-Fewer.gitError: 404 - Not Found
2025-09-11 08:40:53,981 - INFO - https://api.github.com/repos/programminglove08/EquivalenceStructError: 404 - Not Found
2025-09-11 08:46:09,073 - INFO - https://api.github.com/repos/alshehrikhadejaa/ASAD.gitError: 404 - Not Found
2025-09-11 08:46:09,227 - INFO - https://api.github.com/repos/aiwaves-cn/WriteBenchError: 404 - Not Found
2025-09-11 08:46:10,923 - INFO - https://api.github.com/repos/WentaoZhang2001/DBLMError: 404 - Not Found
2025-09-11 08:46:11,050 - INFO - https://api.github.com/repos/Hryniewska/Ensemble_XAIError: 404 - Not Found
2025-09-11 08:46:19,888 - INFO - https://api.github.com/repos/CHILab1/HGE.gitError: 404 - Not Found
2025-09-11 08:46:20,610 - INFO - https://api.github.com/repos/HelenMa9998/SelectiveError: 404 - Not Found
2025-09-11 08:46:21,918 - INFO - https://api.github.com/repos/Emory-AIMS/rPDP-FL.gitError: 404 - Not Found
2025-09-11 08:46:27,367 - INFO - https://api.github.com/repos/RafLaf/Few-and-Fewer.gitError: 404 - Not Found
2025-09-11 08:46:30,562 - INFO - https://api.github.com/repos/programminglove08/EquivalenceStructError: 404 - Not Found
2025-09-14 13:48:37,816 - INFO - https://api.github.com/repos/alshehrikhadejaa/ASAD.gitError: 404 - Not Found
2025-09-14 13:48:37,987 - INFO - https://api.github.com/repos/aiwaves-cn/WriteBenchError: 404 - Not Found
2025-09-14 13:48:39,915 - INFO - https://api.github.com/repos/WentaoZhang2001/DBLMError: 404 - Not Found
2025-09-14 13:48:40,068 - INFO - https://api.github.com/repos/Hryniewska/Ensemble_XAIError: 404 - Not Found
2025-09-14 13:48:49,065 - INFO - https://api.github.com/repos/CHILab1/HGE.gitError: 404 - Not Found
2025-09-14 13:48:49,876 - INFO - https://api.github.com/repos/HelenMa9998/SelectiveError: 404 - Not Found
2025-09-14 13:48:51,450 - INFO - https://api.github.com/repos/Emory-AIMS/rPDP-FL.gitError: 404 - Not Found
2025-09-14 13:48:57,959 - INFO - https://api.github.com/repos/RafLaf/Few-and-Fewer.gitError: 404 - Not Found
2025-09-14 13:49:01,157 - INFO - https://api.github.com/repos/programminglove08/EquivalenceStructError: 404 - Not Found
